Using pre-set license
Built from '2020.3/staging' branch; Version is '2020.3.14f1 (d0d1bb862f9d) revision 13685179'; Using compiler version '192528614'; Build Type 'Release'
OS: 'Windows 10 Pro; OS build 19043.1202; Version 2009; 64bit' Language: 'es' Physical Memory: 8108 MB
BatchMode: 1, IsHumanControllingUs: 0, StartBugReporterOnCrash: 0, Is64bit: 1, IsPro: 0

 COMMAND LINE ARGUMENTS:
C:\Program Files\Unity\Hub\Editor\2020.3.14f1\Editor\Unity.exe
-adb2
-batchMode
-noUpm
-name
AssetImportWorker0
-projectPath
G:/SuperMario
-logFile
Logs/AssetImportWorker0.log
-srvPort
64210
Successfully changed project path to: G:/SuperMario
G:/SuperMario
Using Asset Import Pipeline V2.
Refreshing native plugins compatible for Editor in 22.53 ms, found 2 plugins.
Preloading 0 native plugins for Editor in 0.00 ms.
Initialize engine version: 2020.3.14f1 (d0d1bb862f9d)
[Subsystems] Discovering subsystems at path C:/Program Files/Unity/Hub/Editor/2020.3.14f1/Editor/Data/Resources/UnitySubsystems
[Subsystems] Discovering subsystems at path G:/SuperMario/Assets
GfxDevice: creating device client; threaded=0
Direct3D:
    Version:  Direct3D 11.0 [level 11.1]
    Renderer: NVIDIA GeForce GTX 1050 Ti (ID=0x1c82)
    Vendor:   
    VRAM:     4018 MB
    Driver:   30.0.14.7141
Initialize mono
Mono path[0] = 'C:/Program Files/Unity/Hub/Editor/2020.3.14f1/Editor/Data/Managed'
Mono path[1] = 'C:/Program Files/Unity/Hub/Editor/2020.3.14f1/Editor/Data/MonoBleedingEdge/lib/mono/unityjit'
Mono config path = 'C:/Program Files/Unity/Hub/Editor/2020.3.14f1/Editor/Data/MonoBleedingEdge/etc'
Using monoOptions --debugger-agent=transport=dt_socket,embedding=1,server=y,suspend=n,address=127.0.0.1:56964
Begin MonoManager ReloadAssembly
Registering precompiled unity dll's ...
Register platform support module: C:/Program Files/Unity/Hub/Editor/2020.3.14f1/Editor/Data/PlaybackEngines/WindowsStandaloneSupport/UnityEditor.WindowsStandalone.Extensions.dll
Registered in 0.001512 seconds.
Native extension for WindowsStandalone target not found
Refreshing native plugins compatible for Editor in 22.14 ms, found 2 plugins.
Preloading 0 native plugins for Editor in 0.00 ms.
Mono: successfully reloaded assembly
- Completed reload, in  0.870 seconds
Domain Reload Profiling:
	ReloadAssembly (870ms)
		BeginReloadAssembly (45ms)
			ExecutionOrderSort (0ms)
			DisableScriptedObjects (0ms)
			BackupInstance (0ms)
			ReleaseScriptingObjects (0ms)
			CreateAndSetChildDomain (1ms)
		EndReloadAssembly (336ms)
			LoadAssemblies (43ms)
			RebuildTransferFunctionScriptingTraits (0ms)
			SetupTypeCache (128ms)
			ReleaseScriptCaches (0ms)
			RebuildScriptCaches (27ms)
			SetupLoadedEditorAssemblies (129ms)
				LogAssemblyErrors (0ms)
				InitializePlatformSupportModulesInManaged (3ms)
				SetLoadedEditorAssemblies (0ms)
				RefreshPlugins (22ms)
				BeforeProcessingInitializeOnLoad (8ms)
				ProcessInitializeOnLoadAttributes (71ms)
				ProcessInitializeOnLoadMethodAttributes (24ms)
				AfterProcessingInitializeOnLoad (0ms)
				EditorAssembliesLoaded (0ms)
			ExecutionOrderSort2 (0ms)
			AwakeInstancesAfterBackupRestoration (0ms)
Platform modules already initialized, skipping
Registering precompiled user dll's ...
Registered in 0.001901 seconds.
Begin MonoManager ReloadAssembly
Native extension for WindowsStandalone target not found
Refreshing native plugins compatible for Editor in 0.28 ms, found 2 plugins.
Preloading 0 native plugins for Editor in 0.00 ms.
Mono: successfully reloaded assembly
- Completed reload, in  0.833 seconds
Domain Reload Profiling:
	ReloadAssembly (833ms)
		BeginReloadAssembly (122ms)
			ExecutionOrderSort (0ms)
			DisableScriptedObjects (4ms)
			BackupInstance (0ms)
			ReleaseScriptingObjects (0ms)
			CreateAndSetChildDomain (15ms)
		EndReloadAssembly (659ms)
			LoadAssemblies (68ms)
			RebuildTransferFunctionScriptingTraits (0ms)
			SetupTypeCache (224ms)
			ReleaseScriptCaches (0ms)
			RebuildScriptCaches (34ms)
			SetupLoadedEditorAssemblies (246ms)
				LogAssemblyErrors (0ms)
				InitializePlatformSupportModulesInManaged (4ms)
				SetLoadedEditorAssemblies (0ms)
				RefreshPlugins (0ms)
				BeforeProcessingInitializeOnLoad (72ms)
				ProcessInitializeOnLoadAttributes (160ms)
				ProcessInitializeOnLoadMethodAttributes (4ms)
				AfterProcessingInitializeOnLoad (5ms)
				EditorAssembliesLoaded (0ms)
			ExecutionOrderSort2 (0ms)
			AwakeInstancesAfterBackupRestoration (5ms)
Platform modules already initialized, skipping
========================================================================
Worker process is ready to serve import requests
Launched and connected shader compiler UnityShaderCompiler.exe after 0.03 seconds
Refreshing native plugins compatible for Editor in 0.32 ms, found 2 plugins.
Preloading 0 native plugins for Editor in 0.00 ms.
Unloading 1390 Unused Serialized files (Serialized files now loaded: 0)
System memory in use before: 64.7 MB.
System memory in use after: 64.8 MB.

Unloading 19 unused Assets to reduce memory usage. Loaded Objects now: 1823.
Total: 2.310600 ms (FindLiveObjects: 0.161400 ms CreateObjectMapping: 0.043600 ms MarkObjects: 1.995600 ms  DeleteObjects: 0.109000 ms)

AssetImportParameters requested are different than current active one (requested -> active):
  custom:framework-win-MediaFoundation: 216162199b28c13a410421893ffa2e32 -> 
  custom:video-decoder-ogg-theora: a1e56fd34408186e4bbccfd4996cb3dc -> 
  custom:container-muxer-webm: aa71ff27fc2769a1b78a27578f13a17b -> 
  custom:container-demuxer-webm: 4f35f7cbe854078d1ac9338744f61a02 -> 
  custom:container-demuxer-ogg: 62fdf1f143b41e24485cea50d1cbac27 -> 
  custom:video-encoder-webm-vp8: eb34c28f22e8b96e1ab97ce403110664 -> 
  custom:video-decoder-webm-vp8: 9c59270c3fd7afecdb556c50c9e8de78 -> 
  custom:audio-decoder-ogg-vorbis: bf7c407c2cedff20999df2af8eb42d56 -> 
  custom:audio-encoder-webm-vorbis: bf7c407c2cedff20999df2af8eb42d56 -> 
========================================================================
Received Import Request.
  path: Assets/Sprites/Tuberias.png
  artifactKey: Guid(0d290105af2691846a7a81c5b338bf42) Importer(815301076,1909f56bfc062723c751e8b465ee728b)
Start importing Assets/Sprites/Tuberias.png using Guid(0d290105af2691846a7a81c5b338bf42) Importer(815301076,1909f56bfc062723c751e8b465ee728b)  -> (artifact id: 'f5313c7efa4970ef29cfab5df1da9d83') in 0.052621 seconds 
  Import took 0.054580 seconds .

========================================================================
Received Import Request.
  Time since last request: 0.000153 seconds.
  path: Assets/Sprites/Super_Mario_Bros._Logo.png
  artifactKey: Guid(9146cadf4b386e34980a4ef797179aef) Importer(815301076,1909f56bfc062723c751e8b465ee728b)
Start importing Assets/Sprites/Super_Mario_Bros._Logo.png using Guid(9146cadf4b386e34980a4ef797179aef) Importer(815301076,1909f56bfc062723c751e8b465ee728b)  -> (artifact id: '06ed5c66192ff9bc3feec7371e4fb343') in 0.009090 seconds 
  Import took 0.011534 seconds .

========================================================================
Received Import Request.
  Time since last request: 0.000185 seconds.
  path: Assets/Sprites/Banderas.png
  artifactKey: Guid(6a7d410030cbe1b4c9b115afacdffd90) Importer(815301076,1909f56bfc062723c751e8b465ee728b)
Start importing Assets/Sprites/Banderas.png using Guid(6a7d410030cbe1b4c9b115afacdffd90) Importer(815301076,1909f56bfc062723c751e8b465ee728b)  -> (artifact id: '95d2fbf78e069f342bbb9eb03bedd298') in 0.007942 seconds 
  Import took 0.010353 seconds .

========================================================================
Received Import Request.
  Time since last request: 0.000158 seconds.
  path: Assets/Sprites/Coins2.png
  artifactKey: Guid(f2d6cbb12fe352d4fa6524616be386e6) Importer(815301076,1909f56bfc062723c751e8b465ee728b)
Start importing Assets/Sprites/Coins2.png using Guid(f2d6cbb12fe352d4fa6524616be386e6) Importer(815301076,1909f56bfc062723c751e8b465ee728b)  -> (artifact id: 'e2e6c046871a7e4c6edde6c81a0d0831') in 0.006915 seconds 
  Import took 0.009168 seconds .

========================================================================
Received Import Request.
  Time since last request: 0.000166 seconds.
  path: Assets/Sprites/Montanas.png
  artifactKey: Guid(328a31c5e626d1e458a49dd8a7f40460) Importer(815301076,1909f56bfc062723c751e8b465ee728b)
Start importing Assets/Sprites/Montanas.png using Guid(328a31c5e626d1e458a49dd8a7f40460) Importer(815301076,1909f56bfc062723c751e8b465ee728b)  -> (artifact id: '18597250d0241b738497f7a223010ac2') in 0.007232 seconds 
  Import took 0.009257 seconds .

========================================================================
Received Import Request.
  Time since last request: 0.000162 seconds.
  path: Assets/Sprites/Coins1.png
  artifactKey: Guid(905a2540862ea4b4a88a23a1a94813ea) Importer(815301076,1909f56bfc062723c751e8b465ee728b)
Start importing Assets/Sprites/Coins1.png using Guid(905a2540862ea4b4a88a23a1a94813ea) Importer(815301076,1909f56bfc062723c751e8b465ee728b)  -> (artifact id: '9ddd8bdf14d4debb62866ed7c876981c') in 0.007829 seconds 
  Import took 0.010039 seconds .

========================================================================
Received Import Request.
  Time since last request: 0.000176 seconds.
  path: Assets/Sprites
  artifactKey: Guid(2177e76da2c83ea4aa97266b720bac08) Importer(815301076,1909f56bfc062723c751e8b465ee728b)
Start importing Assets/Sprites using Guid(2177e76da2c83ea4aa97266b720bac08) Importer(815301076,1909f56bfc062723c751e8b465ee728b)  -> (artifact id: '08baa7b032a47836fd51a18f314bc489') in 0.004179 seconds 
  Import took 0.006332 seconds .

========================================================================
Received Import Request.
  Time since last request: 0.000165 seconds.
  path: Assets/Sprites/Ladrillos.png
  artifactKey: Guid(5fa1847cdaabe3347bc882ec45186861) Importer(815301076,1909f56bfc062723c751e8b465ee728b)
Start importing Assets/Sprites/Ladrillos.png using Guid(5fa1847cdaabe3347bc882ec45186861) Importer(815301076,1909f56bfc062723c751e8b465ee728b)  -> (artifact id: '52fa787f685f7fcecd77c18aef05c82e') in 0.008027 seconds 
  Import took 0.010079 seconds .

========================================================================
Received Import Request.
  Time since last request: 0.000130 seconds.
  path: Assets/Sprites/Hierbas.png
  artifactKey: Guid(8ac72b2532bc5da4bbee94eaa882e9f6) Importer(815301076,1909f56bfc062723c751e8b465ee728b)
Start importing Assets/Sprites/Hierbas.png using Guid(8ac72b2532bc5da4bbee94eaa882e9f6) Importer(815301076,1909f56bfc062723c751e8b465ee728b)  -> (artifact id: '0bf2bd39b90a06e185278d4b83ade7e6') in 0.006961 seconds 
  Import took 0.008897 seconds .

========================================================================
Received Import Request.
  Time since last request: 0.000135 seconds.
  path: Assets/Sprites/Nuves.png
  artifactKey: Guid(146a081f7bf197347a6ec3025d6cd569) Importer(815301076,1909f56bfc062723c751e8b465ee728b)
Start importing Assets/Sprites/Nuves.png using Guid(146a081f7bf197347a6ec3025d6cd569) Importer(815301076,1909f56bfc062723c751e8b465ee728b)  -> (artifact id: '06c794e1239a622892ddf9f6ffb7739f') in 0.008419 seconds 
  Import took 0.010462 seconds .

========================================================================
Received Import Request.
  Time since last request: 0.000173 seconds.
  path: Assets/Sprites/Cajas.png
  artifactKey: Guid(f235295aeab3c2a4e88d89efad8bdf8c) Importer(815301076,1909f56bfc062723c751e8b465ee728b)
Start importing Assets/Sprites/Cajas.png using Guid(f235295aeab3c2a4e88d89efad8bdf8c) Importer(815301076,1909f56bfc062723c751e8b465ee728b)  -> (artifact id: 'ba1f31dd2b4f754a7cc9e3ed5a6750bd') in 0.007003 seconds 
  Import took 0.009176 seconds .

========================================================================
Received Import Request.
  Time since last request: 0.000170 seconds.
  path: Assets/Sprites/Mario.png
  artifactKey: Guid(c3202b55b68c9da40b211a3b85d22906) Importer(815301076,1909f56bfc062723c751e8b465ee728b)
Start importing Assets/Sprites/Mario.png using Guid(c3202b55b68c9da40b211a3b85d22906) Importer(815301076,1909f56bfc062723c751e8b465ee728b)  -> (artifact id: '3d83697e21589e6b3aece83476674547') in 0.007098 seconds 
  Import took 0.009252 seconds .

========================================================================
Received Import Request.
  Time since last request: 0.000139 seconds.
  path: Assets/Sprites/Goombas.png
  artifactKey: Guid(e54b3e78c1ff56f4d89c6a7e3232d2e2) Importer(815301076,1909f56bfc062723c751e8b465ee728b)
Start importing Assets/Sprites/Goombas.png using Guid(e54b3e78c1ff56f4d89c6a7e3232d2e2) Importer(815301076,1909f56bfc062723c751e8b465ee728b)  -> (artifact id: 'f3812872eeadca8f6c22e94b0e98cce7') in 0.006967 seconds 
  Import took 0.009215 seconds .

========================================================================
Received Import Request.
  Time since last request: 0.000133 seconds.
  path: Assets/Sprites/Castillo.png
  artifactKey: Guid(6db7a4b3a869e794fa66c28a9b4eb8ee) Importer(815301076,1909f56bfc062723c751e8b465ee728b)
Start importing Assets/Sprites/Castillo.png using Guid(6db7a4b3a869e794fa66c28a9b4eb8ee) Importer(815301076,1909f56bfc062723c751e8b465ee728b)  -> (artifact id: 'f77c4de2f08f09e1c862bb33aa8e1e80') in 0.006883 seconds 
  Import took 0.009429 seconds .

========================================================================
Received Import Request.
  Time since last request: 5.042748 seconds.
  path: Assets
  artifactKey: Guid(00000000000000001000000000000000) Importer(815301076,1909f56bfc062723c751e8b465ee728b)
Start importing Assets using Guid(00000000000000001000000000000000) Importer(815301076,1909f56bfc062723c751e8b465ee728b)  -> (artifact id: '42d402b061de3733987d63b9cc3b64de') in 0.004614 seconds 
  Import took 0.007169 seconds .

========================================================================
Received Import Request.
  Time since last request: 6.391091 seconds.
  path: Assets/Sounds
  artifactKey: Guid(d311263e6485eb342942a8c31eef84bf) Importer(815301076,1909f56bfc062723c751e8b465ee728b)
Start importing Assets/Sounds using Guid(d311263e6485eb342942a8c31eef84bf) Importer(815301076,1909f56bfc062723c751e8b465ee728b)  -> (artifact id: '1ea3114efbb02fcdbccbf0961f40abea') in 0.004065 seconds 
  Import took 0.006351 seconds .

========================================================================
Received Prepare
Registering precompiled user dll's ...
Registered in 0.001828 seconds.
Begin MonoManager ReloadAssembly
Native extension for WindowsStandalone target not found
Refreshing native plugins compatible for Editor in 0.30 ms, found 2 plugins.
Preloading 0 native plugins for Editor in 0.00 ms.
Mono: successfully reloaded assembly
- Completed reload, in  0.850 seconds
Domain Reload Profiling:
	ReloadAssembly (850ms)
		BeginReloadAssembly (99ms)
			ExecutionOrderSort (0ms)
			DisableScriptedObjects (4ms)
			BackupInstance (0ms)
			ReleaseScriptingObjects (0ms)
			CreateAndSetChildDomain (26ms)
		EndReloadAssembly (696ms)
			LoadAssemblies (72ms)
			RebuildTransferFunctionScriptingTraits (0ms)
			SetupTypeCache (246ms)
			ReleaseScriptCaches (1ms)
			RebuildScriptCaches (33ms)
			SetupLoadedEditorAssemblies (255ms)
				LogAssemblyErrors (0ms)
				InitializePlatformSupportModulesInManaged (5ms)
				SetLoadedEditorAssemblies (0ms)
				RefreshPlugins (0ms)
				BeforeProcessingInitializeOnLoad (73ms)
				ProcessInitializeOnLoadAttributes (167ms)
				ProcessInitializeOnLoadMethodAttributes (4ms)
				AfterProcessingInitializeOnLoad (6ms)
				EditorAssembliesLoaded (0ms)
			ExecutionOrderSort2 (0ms)
			AwakeInstancesAfterBackupRestoration (6ms)
Platform modules already initialized, skipping
Refreshing native plugins compatible for Editor in 0.30 ms, found 2 plugins.
Preloading 0 native plugins for Editor in 0.00 ms.
Unloading 1385 Unused Serialized files (Serialized files now loaded: 0)
System memory in use before: 64.7 MB.
System memory in use after: 64.8 MB.

Unloading 14 unused Assets to reduce memory usage. Loaded Objects now: 1837.
Total: 1.729000 ms (FindLiveObjects: 0.146700 ms CreateObjectMapping: 0.063600 ms MarkObjects: 1.466700 ms  DeleteObjects: 0.051100 ms)

AssetImportParameters requested are different than current active one (requested -> active):
  custom:framework-win-MediaFoundation: 216162199b28c13a410421893ffa2e32 -> 
  custom:video-decoder-ogg-theora: a1e56fd34408186e4bbccfd4996cb3dc -> 
  custom:container-muxer-webm: aa71ff27fc2769a1b78a27578f13a17b -> 
  custom:container-demuxer-webm: 4f35f7cbe854078d1ac9338744f61a02 -> 
  custom:container-demuxer-ogg: 62fdf1f143b41e24485cea50d1cbac27 -> 
  custom:video-encoder-webm-vp8: eb34c28f22e8b96e1ab97ce403110664 -> 
  custom:video-decoder-webm-vp8: 9c59270c3fd7afecdb556c50c9e8de78 -> 
  custom:audio-decoder-ogg-vorbis: bf7c407c2cedff20999df2af8eb42d56 -> 
  custom:audio-encoder-webm-vorbis: bf7c407c2cedff20999df2af8eb42d56 -> 
========================================================================
Received Import Request.
  Time since last request: 245.360818 seconds.
  path: Assets/Sprites/Tuberias.png
  artifactKey: Guid(0d290105af2691846a7a81c5b338bf42) Importer(815301076,1909f56bfc062723c751e8b465ee728b)
Start importing Assets/Sprites/Tuberias.png using Guid(0d290105af2691846a7a81c5b338bf42) Importer(815301076,1909f56bfc062723c751e8b465ee728b)  -> (artifact id: '43d12cae4c78c7b4298d76b8853e6534') in 0.072180 seconds 
  Import took 0.074501 seconds .

========================================================================
Received Import Request.
  Time since last request: 0.000155 seconds.
  path: Assets/Sprites/Super_Mario_Bros._Logo.png
  artifactKey: Guid(9146cadf4b386e34980a4ef797179aef) Importer(815301076,1909f56bfc062723c751e8b465ee728b)
Start importing Assets/Sprites/Super_Mario_Bros._Logo.png using Guid(9146cadf4b386e34980a4ef797179aef) Importer(815301076,1909f56bfc062723c751e8b465ee728b)  -> (artifact id: 'b0eed5069d5bedd04fabb45fc332a7ff') in 0.014882 seconds 
  Import took 0.017068 seconds .

========================================================================
Received Import Request.
  Time since last request: 0.000137 seconds.
  path: Assets/Sprites/Banderas.png
  artifactKey: Guid(6a7d410030cbe1b4c9b115afacdffd90) Importer(815301076,1909f56bfc062723c751e8b465ee728b)
Start importing Assets/Sprites/Banderas.png using Guid(6a7d410030cbe1b4c9b115afacdffd90) Importer(815301076,1909f56bfc062723c751e8b465ee728b)  -> (artifact id: '444f04c3480e325b5e85ea9a309cce56') in 0.009649 seconds 
  Import took 0.011767 seconds .

========================================================================
Received Import Request.
  Time since last request: 0.000152 seconds.
  path: Assets/Sprites/Coins2.png
  artifactKey: Guid(f2d6cbb12fe352d4fa6524616be386e6) Importer(815301076,1909f56bfc062723c751e8b465ee728b)
Start importing Assets/Sprites/Coins2.png using Guid(f2d6cbb12fe352d4fa6524616be386e6) Importer(815301076,1909f56bfc062723c751e8b465ee728b)  -> (artifact id: '6501b5f9932a22eaaffeb5a412eb0698') in 0.008928 seconds 
  Import took 0.011387 seconds .

========================================================================
Received Import Request.
  Time since last request: 0.000143 seconds.
  path: Assets/Sprites/Montanas.png
  artifactKey: Guid(328a31c5e626d1e458a49dd8a7f40460) Importer(815301076,1909f56bfc062723c751e8b465ee728b)
Start importing Assets/Sprites/Montanas.png using Guid(328a31c5e626d1e458a49dd8a7f40460) Importer(815301076,1909f56bfc062723c751e8b465ee728b)  -> (artifact id: '59e9fcc1373c94b6f08e5107fb2a7ec7') in 0.009170 seconds 
  Import took 0.011620 seconds .

========================================================================
Received Import Request.
  Time since last request: 0.000141 seconds.
  path: Assets/Sprites/Coins1.png
  artifactKey: Guid(905a2540862ea4b4a88a23a1a94813ea) Importer(815301076,1909f56bfc062723c751e8b465ee728b)
Start importing Assets/Sprites/Coins1.png using Guid(905a2540862ea4b4a88a23a1a94813ea) Importer(815301076,1909f56bfc062723c751e8b465ee728b)  -> (artifact id: '954f54ebbdf9f3f9b897c4fbd7281cc8') in 0.008318 seconds 
  Import took 0.010651 seconds .

========================================================================
Received Import Request.
  Time since last request: 0.000140 seconds.
  path: Assets/Sprites/Ladrillos.png
  artifactKey: Guid(5fa1847cdaabe3347bc882ec45186861) Importer(815301076,1909f56bfc062723c751e8b465ee728b)
Start importing Assets/Sprites/Ladrillos.png using Guid(5fa1847cdaabe3347bc882ec45186861) Importer(815301076,1909f56bfc062723c751e8b465ee728b)  -> (artifact id: '3d238ff0faf890d1795b00fce07caf67') in 0.008634 seconds 
  Import took 0.010746 seconds .

========================================================================
Received Import Request.
  Time since last request: 0.000138 seconds.
  path: Assets/Sprites/Hierbas.png
  artifactKey: Guid(8ac72b2532bc5da4bbee94eaa882e9f6) Importer(815301076,1909f56bfc062723c751e8b465ee728b)
Start importing Assets/Sprites/Hierbas.png using Guid(8ac72b2532bc5da4bbee94eaa882e9f6) Importer(815301076,1909f56bfc062723c751e8b465ee728b)  -> (artifact id: 'dfe9d5ca4bfcb531c8471e895bd2e8cd') in 0.008873 seconds 
  Import took 0.010981 seconds .

========================================================================
Received Import Request.
  Time since last request: 0.000127 seconds.
  path: Assets/Sprites/Nuves.png
  artifactKey: Guid(146a081f7bf197347a6ec3025d6cd569) Importer(815301076,1909f56bfc062723c751e8b465ee728b)
Start importing Assets/Sprites/Nuves.png using Guid(146a081f7bf197347a6ec3025d6cd569) Importer(815301076,1909f56bfc062723c751e8b465ee728b)  -> (artifact id: '235a3be2d316b991cf7131d1dcf4d195') in 0.009258 seconds 
  Import took 0.011750 seconds .

========================================================================
Received Import Request.
  Time since last request: 0.000170 seconds.
  path: Assets/Sprites/Cajas.png
  artifactKey: Guid(f235295aeab3c2a4e88d89efad8bdf8c) Importer(815301076,1909f56bfc062723c751e8b465ee728b)
Start importing Assets/Sprites/Cajas.png using Guid(f235295aeab3c2a4e88d89efad8bdf8c) Importer(815301076,1909f56bfc062723c751e8b465ee728b)  -> (artifact id: 'b5a345dea8377cbe158c4115c167aede') in 0.008343 seconds 
  Import took 0.010731 seconds .

========================================================================
Received Import Request.
  Time since last request: 0.000124 seconds.
  path: Assets/Sprites/Mario.png
  artifactKey: Guid(c3202b55b68c9da40b211a3b85d22906) Importer(815301076,1909f56bfc062723c751e8b465ee728b)
Start importing Assets/Sprites/Mario.png using Guid(c3202b55b68c9da40b211a3b85d22906) Importer(815301076,1909f56bfc062723c751e8b465ee728b)  -> (artifact id: '52f77a1b2bfbf2ff091bd672f348a699') in 0.013165 seconds 
  Import took 0.015225 seconds .

========================================================================
Received Import Request.
  Time since last request: 0.000158 seconds.
  path: Assets/Sprites/Goombas.png
  artifactKey: Guid(e54b3e78c1ff56f4d89c6a7e3232d2e2) Importer(815301076,1909f56bfc062723c751e8b465ee728b)
Start importing Assets/Sprites/Goombas.png using Guid(e54b3e78c1ff56f4d89c6a7e3232d2e2) Importer(815301076,1909f56bfc062723c751e8b465ee728b)  -> (artifact id: '4eadff8b660b6517ea79365f33216d62') in 0.008663 seconds 
  Import took 0.010742 seconds .

========================================================================
Received Import Request.
  Time since last request: 0.000204 seconds.
  path: Assets/Sprites/Castillo.png
  artifactKey: Guid(6db7a4b3a869e794fa66c28a9b4eb8ee) Importer(815301076,1909f56bfc062723c751e8b465ee728b)
Start importing Assets/Sprites/Castillo.png using Guid(6db7a4b3a869e794fa66c28a9b4eb8ee) Importer(815301076,1909f56bfc062723c751e8b465ee728b)  -> (artifact id: '000eb6dba4939ae3201491c199ba2083') in 0.008481 seconds 
  Import took 0.010742 seconds .

========================================================================
Received Import Request.
  Time since last request: 0.005218 seconds.
  path: Assets/Sprites/Castillo.png
  artifactKey: Guid(6db7a4b3a869e794fa66c28a9b4eb8ee) Importer(815301076,1909f56bfc062723c751e8b465ee728b)
Start importing Assets/Sprites/Castillo.png using Guid(6db7a4b3a869e794fa66c28a9b4eb8ee) Importer(815301076,1909f56bfc062723c751e8b465ee728b)  -> (artifact id: '000eb6dba4939ae3201491c199ba2083') in 0.005495 seconds 
  Import took 0.007723 seconds .

========================================================================
Received Import Request.
  Time since last request: 232.819874 seconds.
  path: Assets/Sprites/Ladrillos.png
  artifactKey: Guid(5fa1847cdaabe3347bc882ec45186861) Importer(815301076,1909f56bfc062723c751e8b465ee728b)
Start importing Assets/Sprites/Ladrillos.png using Guid(5fa1847cdaabe3347bc882ec45186861) Importer(815301076,1909f56bfc062723c751e8b465ee728b)  -> (artifact id: 'a9608e817aa4ca70007ea711cfb76350') in 0.007475 seconds 
  Import took 0.010293 seconds .

========================================================================
Received Import Request.
  Time since last request: 0.003588 seconds.
  path: Assets/Sprites/Ladrillos.png
  artifactKey: Guid(5fa1847cdaabe3347bc882ec45186861) Importer(815301076,1909f56bfc062723c751e8b465ee728b)
Start importing Assets/Sprites/Ladrillos.png using Guid(5fa1847cdaabe3347bc882ec45186861) Importer(815301076,1909f56bfc062723c751e8b465ee728b)  -> (artifact id: 'a9608e817aa4ca70007ea711cfb76350') in 0.004419 seconds 
  Import took 0.006774 seconds .

========================================================================
Received Prepare
Registering precompiled user dll's ...
Registered in 0.001804 seconds.
Begin MonoManager ReloadAssembly
Native extension for WindowsStandalone target not found
Refreshing native plugins compatible for Editor in 0.31 ms, found 2 plugins.
Preloading 0 native plugins for Editor in 0.00 ms.
Mono: successfully reloaded assembly
- Completed reload, in  0.840 seconds
Domain Reload Profiling:
	ReloadAssembly (841ms)
		BeginReloadAssembly (97ms)
			ExecutionOrderSort (0ms)
			DisableScriptedObjects (4ms)
			BackupInstance (0ms)
			ReleaseScriptingObjects (0ms)
			CreateAndSetChildDomain (28ms)
		EndReloadAssembly (690ms)
			LoadAssemblies (68ms)
			RebuildTransferFunctionScriptingTraits (0ms)
			SetupTypeCache (231ms)
			ReleaseScriptCaches (1ms)
			RebuildScriptCaches (34ms)
			SetupLoadedEditorAssemblies (261ms)
				LogAssemblyErrors (0ms)
				InitializePlatformSupportModulesInManaged (5ms)
				SetLoadedEditorAssemblies (0ms)
				RefreshPlugins (0ms)
				BeforeProcessingInitializeOnLoad (79ms)
				ProcessInitializeOnLoadAttributes (166ms)
				ProcessInitializeOnLoadMethodAttributes (4ms)
				AfterProcessingInitializeOnLoad (5ms)
				EditorAssembliesLoaded (0ms)
			ExecutionOrderSort2 (0ms)
			AwakeInstancesAfterBackupRestoration (7ms)
Platform modules already initialized, skipping
Refreshing native plugins compatible for Editor in 0.31 ms, found 2 plugins.
Preloading 0 native plugins for Editor in 0.00 ms.
Unloading 1419 Unused Serialized files (Serialized files now loaded: 0)
System memory in use before: 68.9 MB.
System memory in use after: 69.0 MB.

Unloading 14 unused Assets to reduce memory usage. Loaded Objects now: 1903.
Total: 1.792400 ms (FindLiveObjects: 0.155500 ms CreateObjectMapping: 0.049500 ms MarkObjects: 1.538700 ms  DeleteObjects: 0.047600 ms)

AssetImportParameters requested are different than current active one (requested -> active):
  custom:framework-win-MediaFoundation: 216162199b28c13a410421893ffa2e32 -> 
  custom:video-decoder-ogg-theora: a1e56fd34408186e4bbccfd4996cb3dc -> 
  custom:container-muxer-webm: aa71ff27fc2769a1b78a27578f13a17b -> 
  custom:container-demuxer-webm: 4f35f7cbe854078d1ac9338744f61a02 -> 
  custom:container-demuxer-ogg: 62fdf1f143b41e24485cea50d1cbac27 -> 
  custom:video-encoder-webm-vp8: eb34c28f22e8b96e1ab97ce403110664 -> 
  custom:video-decoder-webm-vp8: 9c59270c3fd7afecdb556c50c9e8de78 -> 
  custom:audio-decoder-ogg-vorbis: bf7c407c2cedff20999df2af8eb42d56 -> 
  custom:audio-encoder-webm-vorbis: bf7c407c2cedff20999df2af8eb42d56 -> 
========================================================================
Received Import Request.
  Time since last request: 518.285445 seconds.
  path: Assets/Sprites/Ladrillos.png
  artifactKey: Guid(5fa1847cdaabe3347bc882ec45186861) Importer(815301076,1909f56bfc062723c751e8b465ee728b)
Start importing Assets/Sprites/Ladrillos.png using Guid(5fa1847cdaabe3347bc882ec45186861) Importer(815301076,1909f56bfc062723c751e8b465ee728b)  -> (artifact id: '0fbdf41ace7c167ad9348e9fdf0d07f8') in 0.044192 seconds 
  Import took 0.046756 seconds .

========================================================================
Received Import Request.
  Time since last request: 142.215833 seconds.
  path: Assets/Sprites/Ladrillos.png
  artifactKey: Guid(5fa1847cdaabe3347bc882ec45186861) Importer(815301076,1909f56bfc062723c751e8b465ee728b)
Start importing Assets/Sprites/Ladrillos.png using Guid(5fa1847cdaabe3347bc882ec45186861) Importer(815301076,1909f56bfc062723c751e8b465ee728b)  -> (artifact id: '6d0c0d22a0897f5192eb49b67ea77090') in 0.007373 seconds 
  Import took 0.010130 seconds .

========================================================================
Received Import Request.
  Time since last request: 0.004054 seconds.
  path: Assets/Sprites/Ladrillos.png
  artifactKey: Guid(5fa1847cdaabe3347bc882ec45186861) Importer(815301076,1909f56bfc062723c751e8b465ee728b)
Start importing Assets/Sprites/Ladrillos.png using Guid(5fa1847cdaabe3347bc882ec45186861) Importer(815301076,1909f56bfc062723c751e8b465ee728b)  -> (artifact id: '6d0c0d22a0897f5192eb49b67ea77090') in 0.012554 seconds 
  Import took 0.014909 seconds .

========================================================================
Received Import Request.
  Time since last request: 384.938756 seconds.
  path: Assets/Sprites/Ladrillos.png
  artifactKey: Guid(5fa1847cdaabe3347bc882ec45186861) Importer(815301076,1909f56bfc062723c751e8b465ee728b)
Start importing Assets/Sprites/Ladrillos.png using Guid(5fa1847cdaabe3347bc882ec45186861) Importer(815301076,1909f56bfc062723c751e8b465ee728b)  -> (artifact id: 'b50f4c845e39817e13a3a129299ef589') in 0.010281 seconds 
  Import took 0.012890 seconds .

========================================================================
Received Import Request.
  Time since last request: 0.004482 seconds.
  path: Assets/Sprites/Ladrillos.png
  artifactKey: Guid(5fa1847cdaabe3347bc882ec45186861) Importer(815301076,1909f56bfc062723c751e8b465ee728b)
Start importing Assets/Sprites/Ladrillos.png using Guid(5fa1847cdaabe3347bc882ec45186861) Importer(815301076,1909f56bfc062723c751e8b465ee728b)  -> (artifact id: 'b50f4c845e39817e13a3a129299ef589') in 0.007945 seconds 
  Import took 0.010217 seconds .

========================================================================
Received Import Request.
  Time since last request: 1211.952092 seconds.
  path: Assets/Sprites/Hierbas.png
  artifactKey: Guid(8ac72b2532bc5da4bbee94eaa882e9f6) Importer(815301076,1909f56bfc062723c751e8b465ee728b)
Start importing Assets/Sprites/Hierbas.png using Guid(8ac72b2532bc5da4bbee94eaa882e9f6) Importer(815301076,1909f56bfc062723c751e8b465ee728b)  -> (artifact id: '1ec1ccca74e293d36b927cc4ddbb4cac') in 0.009336 seconds 
  Import took 0.011954 seconds .

========================================================================
Received Import Request.
  Time since last request: 0.007402 seconds.
  path: Assets/Sprites/Hierbas.png
  artifactKey: Guid(8ac72b2532bc5da4bbee94eaa882e9f6) Importer(815301076,1909f56bfc062723c751e8b465ee728b)
Start importing Assets/Sprites/Hierbas.png using Guid(8ac72b2532bc5da4bbee94eaa882e9f6) Importer(815301076,1909f56bfc062723c751e8b465ee728b)  -> (artifact id: '1ec1ccca74e293d36b927cc4ddbb4cac') in 0.006734 seconds 
  Import took 0.009333 seconds .

========================================================================
Received Import Request.
  Time since last request: 46.349567 seconds.
  path: Assets/Sprites/Hierbas.png
  artifactKey: Guid(8ac72b2532bc5da4bbee94eaa882e9f6) Importer(815301076,1909f56bfc062723c751e8b465ee728b)
Start importing Assets/Sprites/Hierbas.png using Guid(8ac72b2532bc5da4bbee94eaa882e9f6) Importer(815301076,1909f56bfc062723c751e8b465ee728b)  -> (artifact id: '12a9c79fd353814cb28ed1abcec10d65') in 0.006556 seconds 
  Import took 0.008897 seconds .

========================================================================
Received Import Request.
  Time since last request: 0.005724 seconds.
  path: Assets/Sprites/Hierbas.png
  artifactKey: Guid(8ac72b2532bc5da4bbee94eaa882e9f6) Importer(815301076,1909f56bfc062723c751e8b465ee728b)
Start importing Assets/Sprites/Hierbas.png using Guid(8ac72b2532bc5da4bbee94eaa882e9f6) Importer(815301076,1909f56bfc062723c751e8b465ee728b)  -> (artifact id: '12a9c79fd353814cb28ed1abcec10d65') in 0.004572 seconds 
  Import took 0.006734 seconds .

========================================================================
Received Import Request.
  Time since last request: 21.334182 seconds.
  path: Assets/Sprites/Hierbas.png
  artifactKey: Guid(8ac72b2532bc5da4bbee94eaa882e9f6) Importer(815301076,1909f56bfc062723c751e8b465ee728b)
Start importing Assets/Sprites/Hierbas.png using Guid(8ac72b2532bc5da4bbee94eaa882e9f6) Importer(815301076,1909f56bfc062723c751e8b465ee728b)  -> (artifact id: '7554bb35332ad39c535cef03482796f4') in 0.010251 seconds 
  Import took 0.012667 seconds .

========================================================================
Received Import Request.
  Time since last request: 173.602819 seconds.
  path: Assets/Sprites/Hierbas.png
  artifactKey: Guid(8ac72b2532bc5da4bbee94eaa882e9f6) Importer(815301076,1909f56bfc062723c751e8b465ee728b)
Start importing Assets/Sprites/Hierbas.png using Guid(8ac72b2532bc5da4bbee94eaa882e9f6) Importer(815301076,1909f56bfc062723c751e8b465ee728b)  -> (artifact id: '951bd16096df41947351f9051df34ab9') in 0.006234 seconds 
  Import took 0.008439 seconds .

========================================================================
Received Import Request.
  Time since last request: 0.006510 seconds.
  path: Assets/Sprites/Hierbas.png
  artifactKey: Guid(8ac72b2532bc5da4bbee94eaa882e9f6) Importer(815301076,1909f56bfc062723c751e8b465ee728b)
Start importing Assets/Sprites/Hierbas.png using Guid(8ac72b2532bc5da4bbee94eaa882e9f6) Importer(815301076,1909f56bfc062723c751e8b465ee728b)  -> (artifact id: '951bd16096df41947351f9051df34ab9') in 0.008362 seconds 
  Import took 0.010651 seconds .

========================================================================
Received Import Request.
  Time since last request: 188.419419 seconds.
  path: Assets/Sprites/Montanas.png
  artifactKey: Guid(328a31c5e626d1e458a49dd8a7f40460) Importer(815301076,1909f56bfc062723c751e8b465ee728b)
Start importing Assets/Sprites/Montanas.png using Guid(328a31c5e626d1e458a49dd8a7f40460) Importer(815301076,1909f56bfc062723c751e8b465ee728b)  -> (artifact id: '2be37cdaf86af11d01675bd38515a244') in 0.007281 seconds 
  Import took 0.009828 seconds .

========================================================================
Received Import Request.
  Time since last request: 0.011152 seconds.
  path: Assets/Sprites/Montanas.png
  artifactKey: Guid(328a31c5e626d1e458a49dd8a7f40460) Importer(815301076,1909f56bfc062723c751e8b465ee728b)
Start importing Assets/Sprites/Montanas.png using Guid(328a31c5e626d1e458a49dd8a7f40460) Importer(815301076,1909f56bfc062723c751e8b465ee728b)  -> (artifact id: '2be37cdaf86af11d01675bd38515a244') in 0.007631 seconds 
  Import took 0.010138 seconds .

========================================================================
Received Import Request.
  Time since last request: 27.329154 seconds.
  path: Assets/Sprites/Montanas.png
  artifactKey: Guid(328a31c5e626d1e458a49dd8a7f40460) Importer(815301076,1909f56bfc062723c751e8b465ee728b)
Start importing Assets/Sprites/Montanas.png using Guid(328a31c5e626d1e458a49dd8a7f40460) Importer(815301076,1909f56bfc062723c751e8b465ee728b)  -> (artifact id: 'b850c238fbad7aff6ec1544eb96e2e75') in 0.010853 seconds 
  Import took 0.013181 seconds .

========================================================================
Received Import Request.
  Time since last request: 0.000419 seconds.
  path: Assets/Sprites/Montanas.png
  artifactKey: Guid(328a31c5e626d1e458a49dd8a7f40460) Importer(815301076,1909f56bfc062723c751e8b465ee728b)
Start importing Assets/Sprites/Montanas.png using Guid(328a31c5e626d1e458a49dd8a7f40460) Importer(815301076,1909f56bfc062723c751e8b465ee728b)  -> (artifact id: 'b850c238fbad7aff6ec1544eb96e2e75') in 0.008602 seconds 
  Import took 0.011172 seconds .

========================================================================
Received Import Request.
  Time since last request: 14.745652 seconds.
  path: Assets/Sprites/Montanas.png
  artifactKey: Guid(328a31c5e626d1e458a49dd8a7f40460) Importer(815301076,1909f56bfc062723c751e8b465ee728b)
Start importing Assets/Sprites/Montanas.png using Guid(328a31c5e626d1e458a49dd8a7f40460) Importer(815301076,1909f56bfc062723c751e8b465ee728b)  -> (artifact id: '6b8ecb15ad7a981a02a8b8783fb99579') in 0.007259 seconds 
  Import took 0.009594 seconds .

========================================================================
Received Import Request.
  Time since last request: 0.006274 seconds.
  path: Assets/Sprites/Montanas.png
  artifactKey: Guid(328a31c5e626d1e458a49dd8a7f40460) Importer(815301076,1909f56bfc062723c751e8b465ee728b)
Start importing Assets/Sprites/Montanas.png using Guid(328a31c5e626d1e458a49dd8a7f40460) Importer(815301076,1909f56bfc062723c751e8b465ee728b)  -> (artifact id: '6b8ecb15ad7a981a02a8b8783fb99579') in 0.008799 seconds 
  Import took 0.011407 seconds .

========================================================================
Received Import Request.
  Time since last request: 82.759931 seconds.
  path: Assets/Sprites/Nuves.png
  artifactKey: Guid(146a081f7bf197347a6ec3025d6cd569) Importer(815301076,1909f56bfc062723c751e8b465ee728b)
Start importing Assets/Sprites/Nuves.png using Guid(146a081f7bf197347a6ec3025d6cd569) Importer(815301076,1909f56bfc062723c751e8b465ee728b)  -> (artifact id: '5cda1408bf333d03f89b0db53d1ee1ed') in 0.006656 seconds 
  Import took 0.009116 seconds .

========================================================================
Received Import Request.
  Time since last request: 0.006301 seconds.
  path: Assets/Sprites/Nuves.png
  artifactKey: Guid(146a081f7bf197347a6ec3025d6cd569) Importer(815301076,1909f56bfc062723c751e8b465ee728b)
Start importing Assets/Sprites/Nuves.png using Guid(146a081f7bf197347a6ec3025d6cd569) Importer(815301076,1909f56bfc062723c751e8b465ee728b)  -> (artifact id: '5cda1408bf333d03f89b0db53d1ee1ed') in 0.004464 seconds 
  Import took 0.006806 seconds .

========================================================================
Received Import Request.
  Time since last request: 17.471547 seconds.
  path: Assets/Sprites/Nuves.png
  artifactKey: Guid(146a081f7bf197347a6ec3025d6cd569) Importer(815301076,1909f56bfc062723c751e8b465ee728b)
Start importing Assets/Sprites/Nuves.png using Guid(146a081f7bf197347a6ec3025d6cd569) Importer(815301076,1909f56bfc062723c751e8b465ee728b)  -> (artifact id: 'a12a02b5d6ab84ac8f264d25db75712a') in 0.010152 seconds 
  Import took 0.012515 seconds .

========================================================================
Received Import Request.
  Time since last request: 0.000966 seconds.
  path: Assets/Sprites/Nuves.png
  artifactKey: Guid(146a081f7bf197347a6ec3025d6cd569) Importer(815301076,1909f56bfc062723c751e8b465ee728b)
Start importing Assets/Sprites/Nuves.png using Guid(146a081f7bf197347a6ec3025d6cd569) Importer(815301076,1909f56bfc062723c751e8b465ee728b)  -> (artifact id: 'a12a02b5d6ab84ac8f264d25db75712a') in 0.011007 seconds 
  Import took 0.013309 seconds .

